{
  "RSpec": {
    "coverage": {
      "/Users/adrienne/Turing/3module/travel_map_blog/spec/controllers/blogs_controller_spec.rb": [
        1,
        null,
        1,
        1,
        1,
        1,
        1,
        1,
        1,
        1,
        null,
        1,
        1,
        null,
        null,
        null,
        null,
        1,
        1,
        1,
        1,
        1,
        1,
        1,
        null,
        1,
        null,
        null,
        null,
        null
      ],
      "/Users/adrienne/Turing/3module/travel_map_blog/spec/rails_helper.rb": [
        1,
        1,
        1,
        1,
        1,
        1,
        1,
        1,
        null,
        1,
        null,
        1,
        1,
        1,
        1,
        1,
        null,
        1,
        1,
        null,
        null,
        1,
        59,
        null,
        null,
        1,
        59,
        null,
        null,
        null,
        1,
        1,
        1,
        null,
        null,
        1,
        1,
        1,
        1,
        null,
        null
      ],
      "/Users/adrienne/Turing/3module/travel_map_blog/config/environment.rb": [
        null,
        1,
        null,
        null,
        1
      ],
      "/Users/adrienne/Turing/3module/travel_map_blog/config/application.rb": [
        1,
        null,
        1,
        null,
        1,
        1,
        1,
        1,
        1,
        1,
        1,
        null,
        null,
        null,
        null,
        1,
        null,
        1,
        1,
        null,
        null,
        null,
        null,
        null,
        null,
        null,
        null,
        null,
        null,
        null,
        null,
        null,
        1,
        null,
        null
      ],
      "/Users/adrienne/Turing/3module/travel_map_blog/config/boot.rb": [
        1,
        null,
        1
      ],
      "/Users/adrienne/Turing/3module/travel_map_blog/config/environments/test.rb": [
        1,
        null,
        null,
        null,
        null,
        null,
        null,
        1,
        null,
        null,
        null,
        null,
        1,
        null,
        null,
        1,
        1,
        null,
        null,
        1,
        1,
        null,
        null,
        1,
        null,
        null,
        1,
        null,
        null,
        null,
        null,
        1,
        null,
        null,
        1,
        null,
        null,
        1,
        null,
        null,
        null,
        null
      ],
      "/Users/adrienne/Turing/3module/travel_map_blog/config/initializers/assets.rb": [
        null,
        null,
        null,
        1,
        null,
        null,
        null,
        null,
        null,
        null,
        null
      ],
      "/Users/adrienne/Turing/3module/travel_map_blog/config/initializers/backtrace_silencers.rb": [
        null,
        null,
        null,
        null,
        null,
        null,
        null
      ],
      "/Users/adrienne/Turing/3module/travel_map_blog/config/initializers/cookies_serializer.rb": [
        null,
        null,
        1
      ],
      "/Users/adrienne/Turing/3module/travel_map_blog/config/initializers/filter_parameter_logging.rb": [
        null,
        null,
        null,
        1
      ],
      "/Users/adrienne/Turing/3module/travel_map_blog/config/initializers/inflections.rb": [
        null,
        null,
        null,
        null,
        null,
        null,
        null,
        null,
        null,
        null,
        null,
        null,
        null,
        null,
        null,
        null
      ],
      "/Users/adrienne/Turing/3module/travel_map_blog/config/initializers/mime_types.rb": [
        null,
        null,
        null,
        null
      ],
      "/Users/adrienne/Turing/3module/travel_map_blog/config/initializers/omniauth.rb": [
        1,
        1,
        null
      ],
      "/Users/adrienne/Turing/3module/travel_map_blog/config/initializers/session_store.rb": [
        null,
        null,
        1
      ],
      "/Users/adrienne/Turing/3module/travel_map_blog/config/initializers/wrap_parameters.rb": [
        null,
        null,
        null,
        null,
        null,
        null,
        1,
        1,
        null,
        null,
        null,
        null,
        null,
        null
      ],
      "/Users/adrienne/Turing/3module/travel_map_blog/config/routes.rb": [
        1,
        1,
        1,
        1,
        null,
        1,
        1,
        1,
        null,
        1,
        null,
        1,
        1,
        null,
        1,
        1,
        1,
        1,
        null,
        1,
        1,
        null,
        1,
        1,
        1,
        1,
        null,
        1,
        1,
        null,
        null
      ],
      "/Users/adrienne/Turing/3module/travel_map_blog/app/helpers/application_helper.rb": [
        1,
        null
      ],
      "/Users/adrienne/Turing/3module/travel_map_blog/app/controllers/blogs_controller.rb": [
        1,
        1,
        null,
        1,
        1,
        1,
        1,
        null,
        null,
        1,
        1,
        1,
        1,
        null,
        0,
        null,
        null,
        null,
        1,
        1,
        11,
        null,
        null
      ],
      "/Users/adrienne/Turing/3module/travel_map_blog/app/controllers/application_controller.rb": [
        1,
        1,
        1,
        null,
        1,
        102,
        null,
        null
      ],
      "/Users/adrienne/Turing/3module/travel_map_blog/spec/controllers/photos_controller_spec.rb": [
        1,
        null,
        1,
        1,
        1,
        1,
        1,
        1,
        1,
        null,
        1,
        null,
        1,
        null,
        1,
        1,
        1,
        null,
        null,
        null,
        null
      ],
      "/Users/adrienne/Turing/3module/travel_map_blog/app/controllers/photos_controller.rb": [
        1,
        1,
        null,
        1,
        3,
        null,
        null,
        1,
        3,
        3,
        1,
        1,
        1,
        1,
        null,
        2,
        2,
        null,
        null,
        null,
        1,
        1,
        1,
        1,
        null,
        null,
        1,
        1,
        1,
        1,
        1,
        null,
        0,
        0,
        null,
        null,
        null,
        1,
        1,
        1,
        1,
        null,
        null,
        1,
        null,
        1,
        5,
        null,
        null,
        1,
        5,
        null,
        null
      ],
      "/Users/adrienne/Turing/3module/travel_map_blog/spec/controllers/trips_controller_spec.rb": [
        1,
        null,
        1,
        1,
        1,
        1,
        1,
        1,
        1,
        null,
        1,
        null,
        1,
        1,
        1,
        null,
        null,
        null,
        null
      ],
      "/Users/adrienne/Turing/3module/travel_map_blog/app/controllers/trips_controller.rb": [
        1,
        1,
        1,
        null,
        1,
        2,
        null,
        null,
        1,
        2,
        2,
        1,
        1,
        1,
        null,
        1,
        1,
        null,
        null,
        null,
        1,
        3,
        3,
        null,
        null,
        1,
        3,
        null,
        null,
        1,
        2,
        1,
        1,
        null,
        1,
        1,
        1,
        null,
        1,
        1,
        null,
        null,
        null,
        1,
        1,
        1,
        1,
        null,
        1,
        1,
        1,
        null,
        null,
        1,
        1,
        1,
        1,
        null,
        null,
        1,
        1,
        4,
        null,
        null,
        1,
        10,
        null,
        null,
        1,
        3,
        null,
        null
      ],
      "/Users/adrienne/Turing/3module/travel_map_blog/spec/features/user_creates_a_photo_spec.rb": [
        1,
        null,
        1,
        1,
        1,
        1,
        1,
        1,
        null,
        1,
        1,
        1,
        1,
        1,
        null,
        1,
        1,
        null,
        null,
        null,
        1,
        1,
        1,
        1,
        1,
        null,
        1,
        1,
        1,
        1,
        null,
        1,
        null,
        null,
        null
      ],
      "/Users/adrienne/Turing/3module/travel_map_blog/spec/features/user_creates_a_trip_spec.rb": [
        1,
        null,
        1,
        1,
        1,
        1,
        null,
        1,
        1,
        1,
        1,
        1,
        1,
        1,
        1,
        null,
        null,
        1,
        1,
        1,
        null,
        1,
        1,
        1,
        1,
        1,
        null,
        null
      ],
      "/Users/adrienne/Turing/3module/travel_map_blog/spec/features/user_creates_blog_spec.rb": [
        1,
        null,
        1,
        1,
        1,
        1,
        null,
        1,
        1,
        1,
        null,
        1,
        1,
        1,
        1,
        1,
        1,
        1,
        1,
        1,
        1,
        1,
        1,
        1,
        1,
        1,
        1,
        1,
        null,
        null,
        null,
        1,
        1,
        1,
        1,
        null,
        1,
        1,
        1,
        1,
        1,
        null,
        1,
        null,
        null,
        1,
        1,
        1,
        null,
        null
      ],
      "/Users/adrienne/Turing/3module/travel_map_blog/spec/features/user_deletes_a_photo_spec.rb": [
        1,
        null,
        1,
        1,
        1,
        1,
        1,
        1,
        1,
        null,
        1,
        1,
        null,
        1,
        null,
        null,
        null
      ],
      "/Users/adrienne/Turing/3module/travel_map_blog/spec/features/user_deletes_a_trip_spec.rb": [
        1,
        null,
        1,
        1,
        1,
        1,
        1,
        1,
        null,
        1,
        1,
        null,
        1,
        1,
        null,
        1,
        1,
        null,
        null,
        null,
        1,
        1,
        1,
        1,
        1,
        1,
        null,
        1,
        1,
        null,
        null,
        null
      ],
      "/Users/adrienne/Turing/3module/travel_map_blog/spec/features/user_deletes_blog_spec.rb": [
        1,
        null,
        1,
        1,
        1,
        1,
        1,
        1,
        null,
        1,
        1,
        1,
        1,
        null,
        null,
        null,
        1,
        1,
        1,
        1,
        1,
        1,
        null,
        1,
        1,
        1,
        null,
        1,
        1,
        null,
        null,
        null
      ],
      "/Users/adrienne/Turing/3module/travel_map_blog/spec/features/user_edits_a_photo_spec.rb": [
        1,
        null,
        1,
        1,
        1,
        1,
        1,
        1,
        1,
        null,
        1,
        1,
        1,
        1,
        null,
        1,
        1,
        null,
        null,
        null,
        1,
        1,
        1,
        1,
        1,
        null,
        1,
        1,
        1,
        1,
        null,
        1,
        null,
        null,
        null
      ],
      "/Users/adrienne/Turing/3module/travel_map_blog/spec/features/user_edits_blog_spec.rb": [
        1,
        null,
        1,
        1,
        1,
        1,
        1,
        1,
        null,
        1,
        1,
        1,
        1,
        1,
        1,
        null,
        null,
        null,
        1,
        1,
        1,
        1,
        1,
        null,
        1,
        1,
        1,
        1,
        1,
        null,
        null,
        null,
        1,
        1,
        1,
        1,
        null,
        1,
        1,
        1,
        1,
        null,
        null,
        null,
        1,
        1,
        1,
        1,
        1,
        null,
        1,
        null,
        1,
        1,
        1,
        1,
        null,
        null,
        null
      ],
      "/Users/adrienne/Turing/3module/travel_map_blog/spec/features/user_edits_trip_spec.rb": [
        1,
        null,
        1,
        1,
        1,
        1,
        1,
        1,
        null,
        1,
        1,
        1,
        1,
        null,
        1,
        1,
        null,
        null,
        null,
        1,
        1,
        1,
        1,
        1,
        null,
        1,
        1,
        1,
        1,
        null,
        1,
        null,
        null,
        null,
        1,
        1,
        1,
        1,
        1,
        null,
        1,
        null,
        1,
        null,
        1,
        null,
        null,
        null
      ],
      "/Users/adrienne/Turing/3module/travel_map_blog/spec/features/user_logs_in_and_out_spec.rb": [
        1,
        null,
        1,
        1,
        1,
        1,
        1,
        1,
        1,
        1,
        1,
        1,
        null,
        null,
        null,
        1,
        1,
        1,
        1,
        1,
        1,
        1,
        1,
        1,
        1,
        null,
        null,
        null
      ],
      "/Users/adrienne/Turing/3module/travel_map_blog/spec/features/user_views_individual_blog_spec.rb": [
        1,
        null,
        1,
        1,
        1,
        1,
        1,
        1,
        null,
        1,
        1,
        1,
        1,
        1,
        null,
        null,
        null
      ],
      "/Users/adrienne/Turing/3module/travel_map_blog/spec/features/user_views_list_of_blogs_for_specific_user_spec.rb": [
        1,
        null,
        1,
        1,
        1,
        1,
        null,
        1,
        1,
        1,
        null,
        1,
        1,
        1,
        1,
        1,
        1,
        null,
        1,
        1,
        1,
        1,
        1,
        null,
        null,
        null
      ],
      "/Users/adrienne/Turing/3module/travel_map_blog/spec/features/user_views_photos_spec.rb": [
        1,
        null,
        1,
        1,
        1,
        1,
        1,
        1,
        1,
        null,
        1,
        null,
        1,
        1,
        1,
        1,
        1,
        1,
        1,
        1,
        1,
        null,
        null,
        null,
        null,
        1,
        1,
        1,
        1,
        1,
        null,
        1,
        null,
        1,
        1,
        1,
        1,
        1,
        null,
        null,
        null
      ],
      "/Users/adrienne/Turing/3module/travel_map_blog/spec/features/user_views_trips_spec.rb": [
        1,
        null,
        1,
        1,
        1,
        1,
        1,
        1,
        1,
        null,
        1,
        1,
        1,
        1,
        1,
        1,
        null,
        null,
        1,
        1,
        1,
        1,
        1,
        1,
        null,
        1,
        null,
        1,
        1,
        null,
        1,
        1,
        1,
        null,
        null,
        null
      ],
      "/Users/adrienne/Turing/3module/travel_map_blog/spec/models/blog_spec.rb": [
        1,
        null,
        1,
        2,
        2,
        2,
        2,
        2,
        2,
        null,
        1,
        1,
        1,
        1,
        null,
        1,
        1,
        null,
        null,
        null
      ],
      "/Users/adrienne/Turing/3module/travel_map_blog/app/models/blog.rb": [
        1,
        1,
        1,
        1,
        null,
        1,
        1,
        1,
        1,
        1,
        null,
        1,
        1,
        null,
        1,
        24,
        null,
        null,
        1,
        11,
        null,
        null,
        1,
        37,
        null,
        null,
        1,
        38,
        33,
        null,
        null,
        null,
        1,
        37,
        null,
        null,
        1,
        2,
        2,
        null,
        0,
        null,
        2,
        null,
        null,
        1,
        null,
        1,
        35,
        null,
        null
      ],
      "/Users/adrienne/Turing/3module/travel_map_blog/spec/models/photo_spec.rb": [
        1,
        null,
        1,
        2,
        2,
        2,
        2,
        2,
        2,
        null,
        1,
        1,
        1,
        1,
        1,
        null,
        1,
        1,
        1,
        1,
        null,
        null,
        null,
        1,
        1,
        1,
        1,
        1,
        1,
        1,
        1,
        null,
        null,
        null,
        1,
        1,
        1,
        1,
        1,
        1,
        1,
        null,
        null,
        null
      ],
      "/Users/adrienne/Turing/3module/travel_map_blog/app/models/photo.rb": [
        1,
        1,
        1,
        1,
        null,
        1,
        1,
        1,
        null,
        1,
        1,
        null,
        1,
        1,
        null,
        null,
        null,
        null,
        null,
        1,
        null,
        1,
        2,
        2,
        1,
        0,
        0,
        null,
        null,
        1,
        1,
        1,
        null,
        null,
        null,
        null,
        1,
        4,
        2,
        2,
        2,
        1,
        null,
        null,
        null
      ],
      "/Users/adrienne/Turing/3module/travel_map_blog/spec/models/trip_spec.rb": [
        1,
        null,
        1,
        2,
        2,
        2,
        2,
        2,
        null
      ],
      "/Users/adrienne/Turing/3module/travel_map_blog/app/models/trip.rb": [
        1,
        1,
        1,
        1,
        null,
        1,
        null,
        1,
        1,
        1,
        1,
        null,
        1,
        37,
        null,
        null,
        1,
        6,
        null,
        null,
        1,
        6,
        null,
        null,
        1,
        1,
        0,
        null,
        null,
        null,
        1,
        1,
        12,
        null,
        null
      ],
      "/Users/adrienne/Turing/3module/travel_map_blog/spec/models/user_spec.rb": [
        1,
        null,
        1,
        2,
        2,
        null
      ],
      "/Users/adrienne/Turing/3module/travel_map_blog/app/models/user.rb": [
        1,
        1,
        1,
        1,
        null,
        1,
        3,
        3,
        3,
        3,
        3,
        3,
        null,
        null,
        null
      ],
      "/Users/adrienne/Turing/3module/travel_map_blog/spec/models/weather_spec.rb": [
        1,
        null,
        1,
        1,
        1,
        1,
        1,
        1,
        null,
        1,
        1,
        1,
        1,
        null,
        1,
        null,
        null,
        null,
        1,
        1,
        1,
        1,
        1,
        null,
        1,
        1,
        1,
        1,
        1,
        null,
        null,
        null
      ],
      "/Users/adrienne/Turing/3module/travel_map_blog/app/models/weather.rb": [
        1,
        1,
        77,
        null,
        null,
        1,
        38,
        38,
        null,
        null,
        null
      ],
      "/Users/adrienne/Turing/3module/travel_map_blog/spec/services/unsplash_service_spec.rb": [
        1,
        null,
        1,
        1,
        1,
        1,
        1,
        1,
        null,
        null,
        null,
        null
      ],
      "/Users/adrienne/Turing/3module/travel_map_blog/app/services/unsplash_service.rb": [
        1,
        1,
        3,
        3,
        3,
        null,
        null,
        null,
        1,
        3,
        3,
        3,
        null,
        null
      ],
      "/Users/adrienne/Turing/3module/travel_map_blog/app/services/twitter_service.rb": [
        1,
        1,
        null,
        1,
        0,
        0,
        0,
        0,
        0,
        null,
        null,
        null,
        1,
        0,
        null,
        null
      ],
      "/Users/adrienne/Turing/3module/travel_map_blog/app/models/blog_creator.rb": [
        1,
        1,
        null,
        1,
        38,
        38,
        null,
        null,
        1,
        37,
        37,
        37,
        null,
        null,
        1,
        1,
        null,
        null,
        1,
        36,
        36,
        36,
        null,
        null
      ],
      "/Users/adrienne/Turing/3module/travel_map_blog/app/services/weather_service.rb": [
        1,
        1,
        77,
        77,
        null,
        null,
        1,
        77,
        77,
        77,
        null,
        null,
        1,
        1,
        154,
        null,
        null
      ],
      "/Users/adrienne/Turing/3module/travel_map_blog/app/models/tweet.rb": [
        1,
        1,
        36,
        null,
        null
      ],
      "/Users/adrienne/Turing/3module/travel_map_blog/app/controllers/welcome_controller.rb": [
        1,
        null
      ],
      "/Users/adrienne/Turing/3module/travel_map_blog/app/controllers/sessions_controller.rb": [
        1,
        null,
        1,
        3,
        3,
        3,
        3,
        null,
        null,
        1,
        1,
        1,
        null,
        null
      ],
      "/Users/adrienne/Turing/3module/travel_map_blog/app/controllers/user/blogs_controller.rb": [
        1,
        1,
        1,
        null,
        1,
        2,
        null,
        null,
        1,
        2,
        2,
        1,
        1,
        1,
        null,
        1,
        1,
        null,
        null,
        null,
        1,
        3,
        3,
        null,
        null,
        1,
        3,
        3,
        null,
        null,
        1,
        2,
        1,
        1,
        1,
        null,
        1,
        1,
        null,
        null,
        null,
        1,
        2,
        1,
        null,
        2,
        2,
        2,
        null,
        null,
        1,
        1,
        4,
        null,
        null,
        1,
        4,
        null,
        null
      ],
      "/Users/adrienne/Turing/3module/travel_map_blog/app/controllers/user/base_controller.rb": [
        1,
        null,
        1,
        13,
        null,
        null,
        null
      ],
      "/Users/adrienne/Turing/3module/travel_map_blog/app/controllers/user/photos_controller.rb": [
        1,
        1,
        3,
        3,
        null,
        null
      ]
    },
    "timestamp": 1461522131
  }
}
