{
  "RSpec": {
    "coverage": {
      "/Users/adrienne/Turing/3module/travel_map_blog/spec/controllers/sessions_controller_spec.rb": [
        1,
        null,
        1,
        null,
        null
      ],
      "/Users/adrienne/Turing/3module/travel_map_blog/spec/rails_helper.rb": [
        1,
        1,
        1,
        1,
        1,
        1,
        1,
        1,
        null,
        1,
        null,
        1,
        1,
        1,
        1,
        1,
        null,
        1,
        1,
        null,
        null,
        1,
        13,
        null,
        null,
        1,
        13,
        null,
        null,
        null,
        1,
        1,
        1,
        null
      ],
      "/Users/adrienne/Turing/3module/travel_map_blog/config/environment.rb": [
        null,
        1,
        null,
        null,
        1
      ],
      "/Users/adrienne/Turing/3module/travel_map_blog/config/application.rb": [
        1,
        null,
        1,
        null,
        1,
        1,
        1,
        1,
        1,
        1,
        1,
        null,
        null,
        null,
        null,
        1,
        null,
        1,
        1,
        null,
        null,
        null,
        null,
        null,
        null,
        null,
        null,
        null,
        null,
        null,
        null,
        null,
        1,
        null,
        null
      ],
      "/Users/adrienne/Turing/3module/travel_map_blog/config/boot.rb": [
        1,
        null,
        1
      ],
      "/Users/adrienne/Turing/3module/travel_map_blog/config/environments/test.rb": [
        1,
        null,
        null,
        null,
        null,
        null,
        null,
        1,
        null,
        null,
        null,
        null,
        1,
        null,
        null,
        1,
        1,
        null,
        null,
        1,
        1,
        null,
        null,
        1,
        null,
        null,
        1,
        null,
        null,
        null,
        null,
        1,
        null,
        null,
        1,
        null,
        null,
        1,
        null,
        null,
        null,
        null
      ],
      "/Users/adrienne/Turing/3module/travel_map_blog/config/initializers/assets.rb": [
        null,
        null,
        null,
        1,
        null,
        null,
        null,
        null,
        null,
        null,
        null
      ],
      "/Users/adrienne/Turing/3module/travel_map_blog/config/initializers/backtrace_silencers.rb": [
        null,
        null,
        null,
        null,
        null,
        null,
        null
      ],
      "/Users/adrienne/Turing/3module/travel_map_blog/config/initializers/cookies_serializer.rb": [
        null,
        null,
        1
      ],
      "/Users/adrienne/Turing/3module/travel_map_blog/config/initializers/filter_parameter_logging.rb": [
        null,
        null,
        null,
        1
      ],
      "/Users/adrienne/Turing/3module/travel_map_blog/config/initializers/inflections.rb": [
        null,
        null,
        null,
        null,
        null,
        null,
        null,
        null,
        null,
        null,
        null,
        null,
        null,
        null,
        null,
        null
      ],
      "/Users/adrienne/Turing/3module/travel_map_blog/config/initializers/mime_types.rb": [
        null,
        null,
        null,
        null
      ],
      "/Users/adrienne/Turing/3module/travel_map_blog/config/initializers/omniauth.rb": [
        1,
        1,
        null
      ],
      "/Users/adrienne/Turing/3module/travel_map_blog/config/initializers/session_store.rb": [
        null,
        null,
        1
      ],
      "/Users/adrienne/Turing/3module/travel_map_blog/config/initializers/wrap_parameters.rb": [
        null,
        null,
        null,
        null,
        null,
        null,
        1,
        1,
        null,
        null,
        null,
        null,
        null,
        null
      ],
      "/Users/adrienne/Turing/3module/travel_map_blog/config/routes.rb": [
        1,
        1,
        1,
        1,
        null,
        1,
        1,
        null,
        1,
        null,
        1,
        null,
        1,
        1,
        1,
        null,
        1,
        1,
        null,
        null
      ],
      "/Users/adrienne/Turing/3module/travel_map_blog/app/helpers/application_helper.rb": [
        1,
        null
      ],
      "/Users/adrienne/Turing/3module/travel_map_blog/app/helpers/sessions_helper.rb": [
        1,
        null
      ],
      "/Users/adrienne/Turing/3module/travel_map_blog/app/controllers/sessions_controller.rb": [
        1,
        null,
        1,
        2,
        2,
        2,
        2,
        null,
        null,
        1,
        1,
        1,
        null,
        null
      ],
      "/Users/adrienne/Turing/3module/travel_map_blog/app/controllers/application_controller.rb": [
        1,
        1,
        1,
        null,
        1,
        33,
        null,
        null,
        1,
        10,
        null,
        null,
        null
      ],
      "/Users/adrienne/Turing/3module/travel_map_blog/spec/features/user_creates_a_trip_spec.rb": [
        1,
        null,
        1,
        1,
        1,
        1,
        null,
        1,
        1,
        1,
        1,
        1,
        1,
        null,
        null
      ],
      "/Users/adrienne/Turing/3module/travel_map_blog/spec/features/user_creates_blog_spec.rb": [
        1,
        null,
        1,
        1,
        null,
        1,
        1,
        1,
        null,
        1,
        1,
        1,
        1,
        1,
        1,
        null,
        1,
        1,
        1,
        1,
        null,
        null,
        null,
        1,
        1,
        1,
        null,
        null
      ],
      "/Users/adrienne/Turing/3module/travel_map_blog/spec/features/user_deletes_blog_spec.rb": [
        1,
        null,
        1,
        1,
        1,
        1,
        1,
        null,
        1,
        1,
        1,
        1,
        null,
        null
      ],
      "/Users/adrienne/Turing/3module/travel_map_blog/spec/features/user_edits_blog_spec.rb": [
        1,
        null,
        1,
        1,
        1,
        1,
        1,
        null,
        1,
        1,
        1,
        1,
        1,
        null,
        null,
        1,
        1,
        1,
        null,
        1,
        1,
        1,
        1,
        null,
        null,
        1,
        1,
        1,
        1,
        null,
        1,
        null,
        1,
        1,
        1,
        1,
        null,
        null
      ],
      "/Users/adrienne/Turing/3module/travel_map_blog/spec/features/user_logs_in_and_out_spec.rb": [
        1,
        null,
        1,
        1,
        1,
        1,
        1,
        1,
        1,
        1,
        1,
        1,
        null,
        null,
        null,
        1,
        1,
        1,
        1,
        1,
        1,
        1,
        1,
        1,
        1,
        null,
        null,
        null
      ],
      "/Users/adrienne/Turing/3module/travel_map_blog/spec/features/user_views_individual_blog_spec.rb": [
        1,
        null,
        1,
        1,
        1,
        1,
        null,
        1,
        null,
        1,
        1,
        1,
        null,
        null
      ],
      "/Users/adrienne/Turing/3module/travel_map_blog/spec/features/user_views_list_of_blogs_for_specific_user_spec.rb": [
        1,
        null,
        1,
        1,
        1,
        1,
        1,
        1,
        null,
        1,
        1,
        1,
        1,
        1,
        null,
        null
      ],
      "/Users/adrienne/Turing/3module/travel_map_blog/spec/features/user_views_trips_spec.rb": [
        1,
        null,
        1,
        1,
        1,
        1,
        1,
        1,
        1,
        null,
        1,
        1,
        1,
        1,
        1,
        1,
        null,
        null,
        1,
        1,
        null,
        1,
        1,
        null,
        1,
        1,
        null,
        1,
        null,
        1,
        1,
        null,
        1,
        1,
        1,
        1,
        null,
        null
      ],
      "/Users/adrienne/Turing/3module/travel_map_blog/spec/models/blog_spec.rb": [
        1,
        null,
        1,
        null
      ],
      "/Users/adrienne/Turing/3module/travel_map_blog/app/models/blog.rb": [
        1,
        1,
        1,
        1,
        null,
        1,
        18,
        null,
        null,
        1,
        13,
        null,
        null,
        1,
        13,
        null,
        null
      ],
      "/Users/adrienne/Turing/3module/travel_map_blog/spec/models/trip_spec.rb": [
        1,
        null,
        1,
        null
      ],
      "/Users/adrienne/Turing/3module/travel_map_blog/app/models/trip.rb": [
        1,
        1,
        1,
        1,
        null,
        1,
        7,
        null,
        null,
        1,
        6,
        null,
        null,
        1,
        6,
        null,
        null
      ],
      "/Users/adrienne/Turing/3module/travel_map_blog/spec/models/user_spec.rb": [
        1,
        null,
        1,
        null
      ],
      "/Users/adrienne/Turing/3module/travel_map_blog/app/models/user.rb": [
        1,
        1,
        1,
        null,
        1,
        2,
        2,
        2,
        2,
        2,
        2,
        null,
        null,
        null
      ],
      "/Users/adrienne/Turing/3module/travel_map_blog/app/controllers/trips_controller.rb": [
        1,
        1,
        1,
        null,
        null,
        1,
        1,
        1,
        1,
        1,
        null,
        0,
        null,
        null,
        null,
        1,
        2,
        2,
        null,
        null,
        1,
        2,
        null,
        null,
        1,
        1,
        1,
        null,
        null
      ],
      "/Users/adrienne/Turing/3module/travel_map_blog/app/controllers/user/blogs_controller.rb": [
        1,
        1,
        null,
        1,
        1,
        null,
        null,
        1,
        1,
        1,
        1,
        null,
        null,
        1,
        null,
        0,
        null,
        null,
        null,
        1,
        2,
        2,
        null,
        null,
        1,
        2,
        2,
        null,
        null,
        1,
        1,
        1,
        1,
        null,
        0,
        null,
        null,
        null,
        1,
        1,
        1,
        null,
        null,
        1,
        null,
        1,
        2,
        null,
        null
      ],
      "/Users/adrienne/Turing/3module/travel_map_blog/app/controllers/user/base_controller.rb": [
        1,
        null,
        1,
        8,
        null,
        null,
        null
      ],
      "/Users/adrienne/Turing/3module/travel_map_blog/app/controllers/blogs_controller.rb": [
        1,
        1,
        7,
        null,
        null
      ],
      "/Users/adrienne/Turing/3module/travel_map_blog/app/controllers/users_controller.rb": [
        1,
        1,
        5,
        null,
        null
      ]
    },
    "timestamp": 1460904003
  }
}
